<?xml version="1.0" encoding="UTF-8"?>
<testsuite name="org.zerock.mreview.repository.MemberRepositoryTests" tests="1" skipped="0" failures="0" errors="0" timestamp="2021-01-21T08:14:21" hostname="NHNui-MacBookPro.local" time="0.161">
  <properties/>
  <testcase name="testDeleteMember()" classname="org.zerock.mreview.repository.MemberRepositoryTests" time="0.161"/>
  <system-out><![CDATA[17:14:13.672 [Test worker] DEBUG org.springframework.test.context.BootstrapUtils - Instantiating CacheAwareContextLoaderDelegate from class [org.springframework.test.context.cache.DefaultCacheAwareContextLoaderDelegate]
17:14:13.680 [Test worker] DEBUG org.springframework.test.context.BootstrapUtils - Instantiating BootstrapContext using constructor [public org.springframework.test.context.support.DefaultBootstrapContext(java.lang.Class,org.springframework.test.context.CacheAwareContextLoaderDelegate)]
17:14:13.702 [Test worker] DEBUG org.springframework.test.context.BootstrapUtils - Instantiating TestContextBootstrapper for test class [org.zerock.mreview.repository.MemberRepositoryTests] from class [org.springframework.boot.test.context.SpringBootTestContextBootstrapper]
17:14:13.709 [Test worker] INFO org.springframework.boot.test.context.SpringBootTestContextBootstrapper - Neither @ContextConfiguration nor @ContextHierarchy found for test class [org.zerock.mreview.repository.MemberRepositoryTests], using SpringBootContextLoader
17:14:13.712 [Test worker] DEBUG org.springframework.test.context.support.AbstractContextLoader - Did not detect default resource location for test class [org.zerock.mreview.repository.MemberRepositoryTests]: class path resource [org/zerock/mreview/repository/MemberRepositoryTests-context.xml] does not exist
17:14:13.712 [Test worker] DEBUG org.springframework.test.context.support.AbstractContextLoader - Did not detect default resource location for test class [org.zerock.mreview.repository.MemberRepositoryTests]: class path resource [org/zerock/mreview/repository/MemberRepositoryTestsContext.groovy] does not exist
17:14:13.712 [Test worker] INFO org.springframework.test.context.support.AbstractContextLoader - Could not detect default resource locations for test class [org.zerock.mreview.repository.MemberRepositoryTests]: no resource found for suffixes {-context.xml, Context.groovy}.
17:14:13.713 [Test worker] INFO org.springframework.test.context.support.AnnotationConfigContextLoaderUtils - Could not detect default configuration classes for test class [org.zerock.mreview.repository.MemberRepositoryTests]: MemberRepositoryTests does not declare any static, non-private, non-final, nested classes annotated with @Configuration.
17:14:13.745 [Test worker] DEBUG org.springframework.test.context.support.ActiveProfilesUtils - Could not find an 'annotation declaring class' for annotation type [org.springframework.test.context.ActiveProfiles] and class [org.zerock.mreview.repository.MemberRepositoryTests]
17:14:13.786 [Test worker] DEBUG org.springframework.context.annotation.ClassPathScanningCandidateComponentProvider - Identified candidate component class: file [/Users/nhn/Documents/workspace/mreview/build/classes/java/main/org/zerock/mreview/MreviewApplication.class]
17:14:13.787 [Test worker] INFO org.springframework.boot.test.context.SpringBootTestContextBootstrapper - Found @SpringBootConfiguration org.zerock.mreview.MreviewApplication for test class org.zerock.mreview.repository.MemberRepositoryTests
17:14:13.850 [Test worker] DEBUG org.springframework.boot.test.context.SpringBootTestContextBootstrapper - @TestExecutionListeners is not present for class [org.zerock.mreview.repository.MemberRepositoryTests]: using defaults.
17:14:13.850 [Test worker] INFO org.springframework.boot.test.context.SpringBootTestContextBootstrapper - Loaded default TestExecutionListener class names from location [META-INF/spring.factories]: [org.springframework.boot.test.autoconfigure.restdocs.RestDocsTestExecutionListener, org.springframework.boot.test.autoconfigure.web.client.MockRestServiceServerResetTestExecutionListener, org.springframework.boot.test.autoconfigure.web.servlet.MockMvcPrintOnlyOnFailureTestExecutionListener, org.springframework.boot.test.autoconfigure.web.servlet.WebDriverTestExecutionListener, org.springframework.boot.test.autoconfigure.webservices.client.MockWebServiceServerTestExecutionListener, org.springframework.boot.test.mock.mockito.MockitoTestExecutionListener, org.springframework.boot.test.mock.mockito.ResetMocksTestExecutionListener, org.springframework.test.context.web.ServletTestExecutionListener, org.springframework.test.context.support.DirtiesContextBeforeModesTestExecutionListener, org.springframework.test.context.event.ApplicationEventsTestExecutionListener, org.springframework.test.context.support.DependencyInjectionTestExecutionListener, org.springframework.test.context.support.DirtiesContextTestExecutionListener, org.springframework.test.context.transaction.TransactionalTestExecutionListener, org.springframework.test.context.jdbc.SqlScriptsTestExecutionListener, org.springframework.test.context.event.EventPublishingTestExecutionListener]
17:14:13.861 [Test worker] INFO org.springframework.boot.test.context.SpringBootTestContextBootstrapper - Using TestExecutionListeners: [org.springframework.test.context.web.ServletTestExecutionListener@5b91fbe, org.springframework.test.context.support.DirtiesContextBeforeModesTestExecutionListener@42ab4352, org.springframework.test.context.event.ApplicationEventsTestExecutionListener@7f8ac2ca, org.springframework.boot.test.mock.mockito.MockitoTestExecutionListener@bdfe2de, org.springframework.boot.test.autoconfigure.SpringBootDependencyInjectionTestExecutionListener@46d658f4, org.springframework.test.context.support.DirtiesContextTestExecutionListener@5eff22af, org.springframework.test.context.transaction.TransactionalTestExecutionListener@77ca2728, org.springframework.test.context.jdbc.SqlScriptsTestExecutionListener@377e21d, org.springframework.test.context.event.EventPublishingTestExecutionListener@77121b7f, org.springframework.boot.test.autoconfigure.restdocs.RestDocsTestExecutionListener@505fb568, org.springframework.boot.test.autoconfigure.web.client.MockRestServiceServerResetTestExecutionListener@760a2b2c, org.springframework.boot.test.autoconfigure.web.servlet.MockMvcPrintOnlyOnFailureTestExecutionListener@4a5158fa, org.springframework.boot.test.autoconfigure.web.servlet.WebDriverTestExecutionListener@2dff6b2c, org.springframework.boot.test.autoconfigure.webservices.client.MockWebServiceServerTestExecutionListener@a67f0e, org.springframework.boot.test.mock.mockito.ResetMocksTestExecutionListener@2752677d]
17:14:13.863 [Test worker] DEBUG org.springframework.test.context.support.AbstractDirtiesContextTestExecutionListener - Before test class: context [DefaultTestContext@26b788c6 testClass = MemberRepositoryTests, testInstance = [null], testMethod = [null], testException = [null], mergedContextConfiguration = [WebMergedContextConfiguration@49bcbc54 testClass = MemberRepositoryTests, locations = '{}', classes = '{class org.zerock.mreview.MreviewApplication}', contextInitializerClasses = '[]', activeProfiles = '{}', propertySourceLocations = '{}', propertySourceProperties = '{org.springframework.boot.test.context.SpringBootTestContextBootstrapper=true}', contextCustomizers = set[org.springframework.boot.test.autoconfigure.actuate.metrics.MetricsExportContextCustomizerFactory$DisableMetricExportContextCustomizer@5cbae965, org.springframework.boot.test.autoconfigure.properties.PropertyMappingContextCustomizer@0, org.springframework.boot.test.autoconfigure.web.servlet.WebDriverContextCustomizerFactory$Customizer@7ca6e2df, org.springframework.boot.test.context.filter.ExcludeFilterContextCustomizer@5a7f68c6, org.springframework.boot.test.json.DuplicateJsonObjectContextCustomizerFactory$DuplicateJsonObjectContextCustomizer@72aa6c82, org.springframework.boot.test.mock.mockito.MockitoContextCustomizer@0, org.springframework.boot.test.web.client.TestRestTemplateContextCustomizer@16435b12, org.springframework.boot.test.context.SpringBootTestArgs@1, org.springframework.boot.test.context.SpringBootTestWebEnvironment@6236b852], resourceBasePath = 'src/main/webapp', contextLoader = 'org.springframework.boot.test.context.SpringBootContextLoader', parent = [null]], attributes = map['org.springframework.test.context.web.ServletTestExecutionListener.activateListener' -> true]], class annotated with @DirtiesContext [false] with mode [null].
17:14:13.883 [Test worker] DEBUG org.springframework.test.context.support.TestPropertySourceUtils - Adding inlined properties to environment: {spring.jmx.enabled=false, org.springframework.boot.test.context.SpringBootTestContextBootstrapper=true}

  .   ____          _            __ _ _
 /\\ / ___'_ __ _ _(_)_ __  __ _ \ \ \ \
( ( )\___ | '_ | '_| | '_ \/ _` | \ \ \ \
 \\/  ___)| |_)| | | | | || (_| |  ) ) ) )
  '  |____| .__|_| |_|_| |_\__, | / / / /
 =========|_|==============|___/=/_/_/_/
 :: Spring Boot ::                (v2.4.2)

2021-01-21 17:14:19.066  INFO 4008 --- [    Test worker] o.z.m.repository.MemberRepositoryTests   : Starting MemberRepositoryTests using Java 11.0.9.1 on NHNui-MacBookPro.local with PID 4008 (started by nhn in /Users/nhn/Documents/workspace/mreview)
2021-01-21 17:14:19.067  INFO 4008 --- [    Test worker] o.z.m.repository.MemberRepositoryTests   : No active profile set, falling back to default profiles: default
2021-01-21 17:14:19.526  INFO 4008 --- [    Test worker] .s.d.r.c.RepositoryConfigurationDelegate : Bootstrapping Spring Data JPA repositories in DEFAULT mode.
2021-01-21 17:14:19.562  INFO 4008 --- [    Test worker] .s.d.r.c.RepositoryConfigurationDelegate : Finished Spring Data repository scanning in 32 ms. Found 4 JPA repository interfaces.
2021-01-21 17:14:20.017  INFO 4008 --- [    Test worker] o.hibernate.jpa.internal.util.LogHelper  : HHH000204: Processing PersistenceUnitInfo [name: default]
2021-01-21 17:14:20.062  INFO 4008 --- [    Test worker] org.hibernate.Version                    : HHH000412: Hibernate ORM core version 5.4.27.Final
2021-01-21 17:14:20.184  INFO 4008 --- [    Test worker] o.hibernate.annotations.common.Version   : HCANN000001: Hibernate Commons Annotations {5.1.2.Final}
2021-01-21 17:14:20.272  INFO 4008 --- [    Test worker] com.zaxxer.hikari.HikariDataSource       : HikariPool-1 - Starting...
2021-01-21 17:14:20.340  INFO 4008 --- [    Test worker] com.zaxxer.hikari.HikariDataSource       : HikariPool-1 - Start completed.
2021-01-21 17:14:20.364  INFO 4008 --- [    Test worker] org.hibernate.dialect.Dialect            : HHH000400: Using dialect: org.hibernate.dialect.MariaDB103Dialect
2021-01-21 17:14:20.904  INFO 4008 --- [    Test worker] o.h.e.t.j.p.i.JtaPlatformInitiator       : HHH000490: Using JtaPlatform implementation: [org.hibernate.engine.transaction.jta.platform.internal.NoJtaPlatform]
2021-01-21 17:14:20.910  INFO 4008 --- [    Test worker] j.LocalContainerEntityManagerFactoryBean : Initialized JPA EntityManagerFactory for persistence unit 'default'
2021-01-21 17:14:21.094  WARN 4008 --- [    Test worker] JpaBaseConfiguration$JpaWebConfiguration : spring.jpa.open-in-view is enabled by default. Therefore, database queries may be performed during view rendering. Explicitly configure spring.jpa.open-in-view to disable this warning
2021-01-21 17:14:21.252  INFO 4008 --- [    Test worker] o.s.s.concurrent.ThreadPoolTaskExecutor  : Initializing ExecutorService 'applicationTaskExecutor'
2021-01-21 17:14:21.979  INFO 4008 --- [    Test worker] o.z.m.repository.MemberRepositoryTests   : Started MemberRepositoryTests in 8.091 seconds (JVM running for 8.886)
2021-01-21 17:14:22.008  INFO 4008 --- [    Test worker] o.s.t.c.transaction.TransactionContext   : Began transaction (1) for test context [DefaultTestContext@26b788c6 testClass = MemberRepositoryTests, testInstance = org.zerock.mreview.repository.MemberRepositoryTests@18f324ec, testMethod = testDeleteMember@MemberRepositoryTests, testException = [null], mergedContextConfiguration = [WebMergedContextConfiguration@49bcbc54 testClass = MemberRepositoryTests, locations = '{}', classes = '{class org.zerock.mreview.MreviewApplication}', contextInitializerClasses = '[]', activeProfiles = '{}', propertySourceLocations = '{}', propertySourceProperties = '{org.springframework.boot.test.context.SpringBootTestContextBootstrapper=true}', contextCustomizers = set[org.springframework.boot.test.autoconfigure.actuate.metrics.MetricsExportContextCustomizerFactory$DisableMetricExportContextCustomizer@5cbae965, org.springframework.boot.test.autoconfigure.properties.PropertyMappingContextCustomizer@0, org.springframework.boot.test.autoconfigure.web.servlet.WebDriverContextCustomizerFactory$Customizer@7ca6e2df, org.springframework.boot.test.context.filter.ExcludeFilterContextCustomizer@5a7f68c6, org.springframework.boot.test.json.DuplicateJsonObjectContextCustomizerFactory$DuplicateJsonObjectContextCustomizer@72aa6c82, org.springframework.boot.test.mock.mockito.MockitoContextCustomizer@0, org.springframework.boot.test.web.client.TestRestTemplateContextCustomizer@16435b12, org.springframework.boot.test.context.SpringBootTestArgs@1, org.springframework.boot.test.context.SpringBootTestWebEnvironment@6236b852], resourceBasePath = 'src/main/webapp', contextLoader = 'org.springframework.boot.test.context.SpringBootContextLoader', parent = [null]], attributes = map['org.springframework.test.context.web.ServletTestExecutionListener.activateListener' -> true, 'org.springframework.test.context.web.ServletTestExecutionListener.populatedRequestContextHolder' -> true, 'org.springframework.test.context.web.ServletTestExecutionListener.resetRequestContextHolder' -> true, 'org.springframework.test.context.event.ApplicationEventsTestExecutionListener.recordApplicationEvents' -> false]]; transaction manager [org.springframework.orm.jpa.JpaTransactionManager@37624354]; rollback [false]
Hibernate: 
    delete 
    from
        review 
    where
        member_mid=?
Hibernate: 
    select
        member0_.mid as mid1_0_0_,
        member0_.moddate as moddate2_0_0_,
        member0_.regdate as regdate3_0_0_,
        member0_.email as email4_0_0_,
        member0_.nickname as nickname5_0_0_,
        member0_.pw as pw6_0_0_ 
    from
        m_member member0_ 
    where
        member0_.mid=?
Hibernate: 
    delete 
    from
        m_member 
    where
        mid=?
2021-01-21 17:14:22.151  INFO 4008 --- [    Test worker] o.s.t.c.transaction.TransactionContext   : Committed transaction for test: [DefaultTestContext@26b788c6 testClass = MemberRepositoryTests, testInstance = org.zerock.mreview.repository.MemberRepositoryTests@18f324ec, testMethod = testDeleteMember@MemberRepositoryTests, testException = [null], mergedContextConfiguration = [WebMergedContextConfiguration@49bcbc54 testClass = MemberRepositoryTests, locations = '{}', classes = '{class org.zerock.mreview.MreviewApplication}', contextInitializerClasses = '[]', activeProfiles = '{}', propertySourceLocations = '{}', propertySourceProperties = '{org.springframework.boot.test.context.SpringBootTestContextBootstrapper=true}', contextCustomizers = set[org.springframework.boot.test.autoconfigure.actuate.metrics.MetricsExportContextCustomizerFactory$DisableMetricExportContextCustomizer@5cbae965, org.springframework.boot.test.autoconfigure.properties.PropertyMappingContextCustomizer@0, org.springframework.boot.test.autoconfigure.web.servlet.WebDriverContextCustomizerFactory$Customizer@7ca6e2df, org.springframework.boot.test.context.filter.ExcludeFilterContextCustomizer@5a7f68c6, org.springframework.boot.test.json.DuplicateJsonObjectContextCustomizerFactory$DuplicateJsonObjectContextCustomizer@72aa6c82, org.springframework.boot.test.mock.mockito.MockitoContextCustomizer@0, org.springframework.boot.test.web.client.TestRestTemplateContextCustomizer@16435b12, org.springframework.boot.test.context.SpringBootTestArgs@1, org.springframework.boot.test.context.SpringBootTestWebEnvironment@6236b852], resourceBasePath = 'src/main/webapp', contextLoader = 'org.springframework.boot.test.context.SpringBootContextLoader', parent = [null]], attributes = map['org.springframework.test.context.web.ServletTestExecutionListener.activateListener' -> true, 'org.springframework.test.context.web.ServletTestExecutionListener.populatedRequestContextHolder' -> true, 'org.springframework.test.context.web.ServletTestExecutionListener.resetRequestContextHolder' -> true, 'org.springframework.test.context.event.ApplicationEventsTestExecutionListener.recordApplicationEvents' -> false]]
]]></system-out>
  <system-err><![CDATA[]]></system-err>
</testsuite>
